2021-09-07 23:12:15 8564 [Note] Plugin 'FEDERATED' is disabled.
2021-09-07 23:12:15 8564 [Note] InnoDB: The InnoDB memory heap is disabled
2021-09-07 23:12:15 8564 [Note] InnoDB: Mutexes and rw_locks use Windows interlocked functions
2021-09-07 23:12:15 8564 [Note] InnoDB: Compressed tables use zlib 1.2.3
2021-09-07 23:12:15 8564 [Note] InnoDB: Not using CPU crc32 instructions
2021-09-07 23:12:15 8564 [Note] InnoDB: Initializing buffer pool, size = 128.0M
2021-09-07 23:12:15 8564 [Note] InnoDB: Completed initialization of buffer pool
2021-09-07 23:12:15 8564 [Note] InnoDB: Highest supported file format is Barracuda.
2021-09-07 23:12:15 8564 [Note] InnoDB: The log sequence numbers 1626696 and 1626696 in ibdata files do not match the log sequence number 122020404 in the ib_logfiles!
2021-09-07 23:12:15 8564 [Note] InnoDB: Database was not shutdown normally!
2021-09-07 23:12:15 8564 [Note] InnoDB: Starting crash recovery.
2021-09-07 23:12:15 8564 [Note] InnoDB: Reading tablespace information from the .ibd files...
2021-09-07 23:12:15 8564 [Note] InnoDB: Restoring possible half-written data pages 
2021-09-07 23:12:15 8564 [Note] InnoDB: from the doublewrite buffer...
2021-09-07 23:12:15 8564 [Note] InnoDB: 128 rollback segment(s) are active.
2021-09-07 23:12:15 8564 [Note] InnoDB: Waiting for purge to start
2021-09-07 23:12:15 8564 [Note] InnoDB: 5.6.13 started; log sequence number 122020404
2021-09-07 23:12:15 8564 [Note] Server hostname (bind-address): '*'; port: 3307
2021-09-07 23:12:15 8564 [Note] IPv6 is available.
2021-09-07 23:12:15 8564 [Note]   - '::' resolves to '::';
2021-09-07 23:12:15 8564 [Note] Server socket created on IP: '::'.
2021-09-07 23:13:20 8296 [Note] Plugin 'FEDERATED' is disabled.
2021-09-07 23:13:20 8296 [Note] InnoDB: The InnoDB memory heap is disabled
2021-09-07 23:13:20 8296 [Note] InnoDB: Mutexes and rw_locks use Windows interlocked functions
2021-09-07 23:13:20 8296 [Note] InnoDB: Compressed tables use zlib 1.2.3
2021-09-07 23:13:20 8296 [Note] InnoDB: Not using CPU crc32 instructions
2021-09-07 23:13:20 8296 [Note] InnoDB: Initializing buffer pool, size = 128.0M
2021-09-07 23:13:20 8296 [Note] InnoDB: Completed initialization of buffer pool
2021-09-07 23:13:21 8296 [Note] InnoDB: Highest supported file format is Barracuda.
2021-09-07 23:13:21 8296 [Note] InnoDB: Log scan progressed past the checkpoint lsn 122020404
2021-09-07 23:13:21 8296 [Note] InnoDB: Database was not shutdown normally!
2021-09-07 23:13:21 8296 [Note] InnoDB: Starting crash recovery.
2021-09-07 23:13:21 8296 [Note] InnoDB: Reading tablespace information from the .ibd files...
2021-09-07 23:13:21 8296 [Note] InnoDB: Restoring possible half-written data pages 
2021-09-07 23:13:21 8296 [Note] InnoDB: from the doublewrite buffer...
InnoDB: Doing recovery: scanned up to log sequence number 122020414
2021-09-07 23:13:21 8296 [Note] InnoDB: 128 rollback segment(s) are active.
2021-09-07 23:13:21 8296 [Note] InnoDB: Waiting for purge to start
2021-09-07 23:13:21 8296 [Note] InnoDB: 5.6.13 started; log sequence number 122020414
2021-09-07 23:13:21 8296 [Note] Server hostname (bind-address): '*'; port: 3307
2021-09-07 23:13:21 8296 [Note] IPv6 is available.
2021-09-07 23:13:21 8296 [Note]   - '::' resolves to '::';
2021-09-07 23:13:21 8296 [Note] Server socket created on IP: '::'.
2021-09-07 23:13:28 6740 [Note] Plugin 'FEDERATED' is disabled.
2021-09-07 23:13:28 6740 [Note] InnoDB: The InnoDB memory heap is disabled
2021-09-07 23:13:28 6740 [Note] InnoDB: Mutexes and rw_locks use Windows interlocked functions
2021-09-07 23:13:28 6740 [Note] InnoDB: Compressed tables use zlib 1.2.3
2021-09-07 23:13:28 6740 [Note] InnoDB: Not using CPU crc32 instructions
2021-09-07 23:13:28 6740 [Note] InnoDB: Initializing buffer pool, size = 128.0M
2021-09-07 23:13:28 6740 [Note] InnoDB: Completed initialization of buffer pool
2021-09-07 23:13:28 6740 [ERROR] InnoDB: C:\Users\jeche\Documents\GitHub\sql_pokedex\mysql\data\ibdata1 can't be opened in read-write mode
2021-09-07 23:13:28 6740 [ERROR] InnoDB: The system tablespace must be writable!
2021-09-07 23:13:28 6740 [ERROR] Plugin 'InnoDB' init function returned error.
2021-09-07 23:13:28 6740 [ERROR] Plugin 'InnoDB' registration as a STORAGE ENGINE failed.
2021-09-07 23:13:28 6740 [ERROR] Unknown/unsupported storage engine: InnoDB
2021-09-07 23:13:28 6740 [ERROR] Aborting

2021-09-07 23:13:28 6740 [Note] Binlog end
2021-09-07 23:13:28 6740 [Note] Shutting down plugin 'partition'
2021-09-07 23:13:28 6740 [Note] Shutting down plugin 'PERFORMANCE_SCHEMA'
2021-09-07 23:13:28 6740 [Note] Shutting down plugin 'INNODB_SYS_DATAFILES'
2021-09-07 23:13:28 6740 [Note] Shutting down plugin 'INNODB_SYS_TABLESPACES'
2021-09-07 23:13:28 6740 [Note] Shutting down plugin 'INNODB_SYS_FOREIGN_COLS'
2021-09-07 23:13:28 6740 [Note] Shutting down plugin 'INNODB_SYS_FOREIGN'
2021-09-07 23:13:28 6740 [Note] Shutting down plugin 'INNODB_SYS_FIELDS'
2021-09-07 23:13:28 6740 [Note] Shutting down plugin 'INNODB_SYS_COLUMNS'
2021-09-07 23:13:28 6740 [Note] Shutting down plugin 'INNODB_SYS_INDEXES'
2021-09-07 23:13:28 6740 [Note] Shutting down plugin 'INNODB_SYS_TABLESTATS'
2021-09-07 23:13:28 6740 [Note] Shutting down plugin 'INNODB_SYS_TABLES'
2021-09-07 23:13:28 6740 [Note] Shutting down plugin 'INNODB_FT_INDEX_TABLE'
2021-09-07 23:13:28 6740 [Note] Shutting down plugin 'INNODB_FT_INDEX_CACHE'
2021-09-07 23:13:28 6740 [Note] Shutting down plugin 'INNODB_FT_CONFIG'
2021-09-07 23:13:28 6740 [Note] Shutting down plugin 'INNODB_FT_BEING_DELETED'
2021-09-07 23:13:28 6740 [Note] Shutting down plugin 'INNODB_FT_DELETED'
2021-09-07 23:13:28 6740 [Note] Shutting down plugin 'INNODB_FT_DEFAULT_STOPWORD'
2021-09-07 23:13:28 6740 [Note] Shutting down plugin 'INNODB_METRICS'
2021-09-07 23:13:28 6740 [Note] Shutting down plugin 'INNODB_BUFFER_POOL_STATS'
2021-09-07 23:13:28 6740 [Note] Shutting down plugin 'INNODB_BUFFER_PAGE_LRU'
2021-09-07 23:13:28 6740 [Note] Shutting down plugin 'INNODB_BUFFER_PAGE'
2021-09-07 23:13:28 6740 [Note] Shutting down plugin 'INNODB_CMP_PER_INDEX_RESET'
2021-09-07 23:13:28 6740 [Note] Shutting down plugin 'INNODB_CMP_PER_INDEX'
2021-09-07 23:13:28 6740 [Note] Shutting down plugin 'INNODB_CMPMEM_RESET'
2021-09-07 23:13:28 6740 [Note] Shutting down plugin 'INNODB_CMPMEM'
2021-09-07 23:13:28 6740 [Note] Shutting down plugin 'INNODB_CMP_RESET'
2021-09-07 23:13:28 6740 [Note] Shutting down plugin 'INNODB_CMP'
2021-09-07 23:13:28 6740 [Note] Shutting down plugin 'INNODB_LOCK_WAITS'
2021-09-07 23:13:28 6740 [Note] Shutting down plugin 'INNODB_LOCKS'
2021-09-07 23:13:28 6740 [Note] Shutting down plugin 'INNODB_TRX'
2021-09-07 23:13:28 6740 [Note] Shutting down plugin 'BLACKHOLE'
2021-09-07 23:13:28 6740 [Note] Shutting down plugin 'ARCHIVE'
2021-09-07 23:13:28 6740 [Note] Shutting down plugin 'MRG_MYISAM'
2021-09-07 23:13:28 6740 [Note] Shutting down plugin 'MyISAM'
2021-09-07 23:13:28 6740 [Note] Shutting down plugin 'MEMORY'
2021-09-07 23:13:28 6740 [Note] Shutting down plugin 'CSV'
2021-09-07 23:13:28 6740 [Note] Shutting down plugin 'sha256_password'
2021-09-07 23:13:28 6740 [Note] Shutting down plugin 'mysql_old_password'
2021-09-07 23:13:28 6740 [Note] Shutting down plugin 'mysql_native_password'
2021-09-07 23:13:28 6740 [Note] Shutting down plugin 'binlog'
2021-09-07 23:13:28 6740 [Note] C:\Users\jeche\Documents\GitHub\sql_pokedex/mysql/bin/mysqld_usbwv8.exe: Shutdown complete

